<?xml version="1.0" encoding="UTF-8" ?><testsuite errors="0" name="jasmine.specs" tests="3" failures="0" skipped="0" hostname="localhost" time="0.0" timestamp="2013-02-27T13:30:01"><testcase classname="jasmine" name="The add functions should add two numbers and return five" time="0.0" failure="false"/><testcase classname="jasmine" name="The add functions should return zero when the photolist is empty" time="0.0" failure="false"/><testcase classname="jasmine" name="The add functions should return a raster 1x1 when only one photo available" time="0.0" failure="false"/></testsuite>